[02/05/2021 20:55:50][null][Ha iniciado sesión.]
[02/05/2021 20:55:56][Admin][Ha clicado en Modificación Propietario.]
[02/05/2021 20:55:59][Admin][Ha salido de Modificación Propietario.]
[02/05/2021 20:56:01][Admin][Ha clicado en Modificacion Pelicula.]
[02/05/2021 20:56:03][Admin][Ha pulsado modificar cliente.]
[02/05/2021 20:56:12][Admin][Ha aceptado la modificación de la Pelicula]
[02/05/2021 20:56:12][Admin][UPDATE propietario SET nombrePelicula='Apophis', directorPelicula='Faraón Ramses III', precioPelicula='12.99', idPropietarioFK1='1' WHERE idPelicula=8]
[02/05/2021 20:56:16][Admin][Ha salido de Modificación Pelicula.]
[02/05/2021 20:56:17][Admin][Ha salido de Modificación Pelicula.]
[02/05/2021 20:56:18][Admin][Ha salido de Modificación Pelicula.]
[02/05/2021 20:56:18][Admin][Ha cerrado sesión]
[02/05/2021 20:56:43][null][Ha iniciado sesión.]
[02/05/2021 20:56:48][Admin][Ha clicado en Modificacion Pelicula.]
[02/05/2021 20:56:49][Admin][Ha pulsado modificar cliente.]
[02/05/2021 20:56:54][Admin][Ha aceptado la modificación de la Pelicula]
[02/05/2021 20:56:54][Admin][UPDATE peliculas SET nombrePelicula='Apophis', directorPelicula='Faraón Ramses III', precioPelicula='12.99', idPropietarioFK1='1' WHERE idPelicula=8]
[02/05/2021 20:56:56][Admin][Ha salido de Modificación Pelicula.]
[02/05/2021 20:56:56][Admin][Ha salido de Modificación Pelicula.]
[02/05/2021 20:56:57][Admin][Ha cancelado la modificación de la Pelicula]
[02/05/2021 20:56:57][Admin][Ha cancelado la modificación de la Pelicula]
[02/05/2021 20:56:58][Admin][Ha clicado en Consulta Cliente.]
[02/05/2021 20:57:01][Admin][Ha salido de Consulta Pelicula.]
[02/05/2021 20:57:03][Admin][Ha cerrado sesión]
[02/05/2021 20:58:39][null][Ha iniciado sesión.]
[02/05/2021 20:58:43][Admin][Ha clicado en Modificacion Pelicula.]
[02/05/2021 20:58:44][Admin][Ha pulsado modificar cliente.]
[02/05/2021 20:59:08][null][Ha iniciado sesión.]
[02/05/2021 20:59:11][Admin][Ha clicado en Modificacion Pelicula.]
[02/05/2021 20:59:12][Admin][Ha pulsado modificar cliente.]
[02/05/2021 20:59:16][Admin][Ha aceptado la modificación de la Pelicula]
[02/05/2021 20:59:16][Admin][UPDATE peliculas SET nombrePelicula='Apophis', directorPelicula='Faraón Ramses III', precioPelicula='12.99', idPropietarioFK1='7' WHERE idPelicula=8]
[02/05/2021 20:59:18][Admin][Ha salido de Modificación Pelicula.]
[02/05/2021 20:59:19][Admin][Ha salido de Modificación Pelicula.]
[02/05/2021 20:59:20][Admin][Ha salido de Modificación Pelicula.]
[02/05/2021 20:59:21][Admin][Ha clicado en Consulta Cliente.]
[02/05/2021 20:59:32][Admin][Ha salido de Consulta Pelicula.]
[02/05/2021 20:59:34][Admin][Ha cerrado sesión]
[02/05/2021 21:00:12][null][Ha iniciado sesión.]
[02/05/2021 21:00:16][Admin][Ha clicado en Consulta Cliente.]
[02/05/2021 21:00:17][Admin][Ha salido de Consulta Pelicula.]
[02/05/2021 21:00:18][Admin][Ha cerrado sesión]
[02/05/2021 21:01:50][null][Ha iniciado sesión.]
[02/05/2021 21:01:54][Admin][Ha clicado en Consulta Cliente.]
[02/05/2021 21:02:02][Admin][Ha salido de Consulta Pelicula.]
[02/05/2021 21:02:02][Admin][Ha cerrado sesión]
[02/05/2021 21:52:24][null][Ha iniciado sesión.]
[02/05/2021 21:52:27][Admin][Ha clicado en Modificacion Alquiler.]
[02/05/2021 21:52:30][Admin][Ha salido de Modificación Alquiler.]
[02/05/2021 21:52:31][Admin][Ha cerrado sesión]
[02/05/2021 22:19:09][null][Ha iniciado sesión.]
[02/05/2021 22:19:14][Admin][Ha clicado en Modificación Propietario.]
[02/05/2021 22:19:18][Admin][Ha salido de Modificación Propietario.]
[02/05/2021 22:19:23][Admin][Ha clicado en Consulta Alquiler.]
[02/05/2021 22:19:24][Admin][Ha salido de Consulta Alquiler.]
[02/05/2021 22:19:25][Admin][Ha clicado en Modificacion Alquiler.]
[02/05/2021 22:19:27][Admin][Ha pulsado modificar cliente.]
[02/05/2021 22:19:31][Admin][Ha salido de Modificación Alquiler.]
[02/05/2021 22:19:31][Admin][Ha salido de Modificación Alquiler.]
[02/05/2021 22:19:33][Admin][Ha clicado en Consulta Alquiler.]
[02/05/2021 22:19:37][Admin][Ha salido de Consulta Alquiler.]
[02/05/2021 22:19:40][Admin][Ha clicado en Modificacion Alquiler.]
[02/05/2021 22:19:43][Admin][Ha pulsado modificar cliente.]
[02/05/2021 22:19:45][Admin][Ha aceptado la modificación de la Pelicula]
[02/05/2021 22:19:45][Admin][UPDATE alquileres SET idAlquiler='5', idClientesFK2='2', idClientesFK3='2', ]
[02/05/2021 22:20:50][null][Ha iniciado sesión.]
[02/05/2021 22:20:53][Admin][Ha clicado en Modificacion Alquiler.]
[02/05/2021 22:20:54][Admin][Ha pulsado modificar cliente.]
[02/05/2021 22:20:56][Admin][Ha salido de Modificación Alquiler.]
[02/05/2021 22:20:58][Admin][Ha pulsado modificar cliente.]
[02/05/2021 22:21:00][Admin][Ha aceptado la modificación de la Pelicula]
[02/05/2021 22:21:00][Admin][UPDATE alquileres SET idAlquiler='5', idClientesFK2='2', idClientesFK3='2']
[02/05/2021 22:21:03][Admin][Ha salido de Modificación Alquiler.]
[02/05/2021 22:21:03][Admin][Ha aceptado la modificación de la Pelicula]
[02/05/2021 22:21:03][Admin][UPDATE alquileres SET idAlquiler='5', idClientesFK2='2', idClientesFK3='2']
[02/05/2021 22:21:04][Admin][Ha salido de Modificación Alquiler.]
[02/05/2021 22:21:04][Admin][Ha salido de Modificación Alquiler.]
[02/05/2021 22:21:07][Admin][Ha salido de Modificación Alquiler.]
[02/05/2021 22:21:07][Admin][Ha salido de Modificación Alquiler.]
[02/05/2021 22:21:08][Admin][Ha salido de Modificación Alquiler.]
[02/05/2021 22:21:45][null][Ha iniciado sesión.]
[02/05/2021 22:21:52][Admin][Ha clicado en Modificacion Alquiler.]
[02/05/2021 22:21:54][Admin][Ha pulsado modificar cliente.]
[02/05/2021 22:21:55][Admin][Ha aceptado la modificación de la Pelicula]
[02/05/2021 22:21:55][Admin][UPDATE alquileres SET idAlquiler='5', idClientesFK2='2', idClientesFK3='2]
[02/05/2021 22:22:23][null][Ha iniciado sesión.]
[02/05/2021 22:22:26][Admin][Ha clicado en Modificacion Pelicula.]
[02/05/2021 22:22:27][Admin][Ha pulsado modificar cliente.]
[02/05/2021 22:22:30][Admin][Ha aceptado la modificación de la Pelicula]
[02/05/2021 22:22:30][Admin][UPDATE peliculas SET nombrePelicula='Apophis', directorPelicula='Faraón Ramses IV', precioPelicula='12.99', idPropietarioFK1='7' WHERE idPelicula=8]
[02/05/2021 22:22:36][Admin][Ha salido de Modificación Pelicula.]
[02/05/2021 22:22:39][Admin][Ha salido de Modificación Pelicula.]
[02/05/2021 22:22:41][Admin][Ha salido de Modificación Pelicula.]
[02/05/2021 22:22:43][Admin][Ha clicado en Modificacion Alquiler.]
[02/05/2021 22:23:51][null][Ha iniciado sesión.]
[02/05/2021 22:23:54][Admin][Ha clicado en Modificacion Alquiler.]
[02/05/2021 22:23:57][Admin][Ha pulsado modificar cliente.]
[02/05/2021 22:23:59][Admin][Ha aceptado la modificación de la Pelicula]
[02/05/2021 22:23:59][Admin][UPDATE alquileres SET idAlquiler='5', idClientesFK2='2', idClientesFK3='2WHERE idAlquiler=5]
[02/05/2021 22:24:02][Admin][Ha salido de Modificación Alquiler.]
[02/05/2021 22:24:03][Admin][Ha salido de Modificación Alquiler.]
[02/05/2021 22:24:03][Admin][Ha salido de Modificación Alquiler.]
[02/05/2021 22:24:04][Admin][Ha cerrado sesión]
[02/05/2021 22:27:26][null][Ha iniciado sesión.]
[02/05/2021 22:27:29][Admin][Ha clicado en Modificacion Alquiler.]
[02/05/2021 22:27:32][Admin][Ha pulsado modificar cliente.]
[02/05/2021 22:27:34][Admin][Ha aceptado la modificación de la Pelicula]
[02/05/2021 22:27:34][Admin][UPDATE alquileres SET idAlquiler='5', idClientesFK2='2', idClientesFK3='2' WHERE idAlquiler=5]
[02/05/2021 22:30:10][null][Ha iniciado sesión.]
[02/05/2021 22:30:13][Admin][Ha clicado en Modificacion Alquiler.]
[02/05/2021 22:30:16][Admin][Ha pulsado modificar cliente.]
[02/05/2021 22:30:18][Admin][Ha aceptado la modificación de la Pelicula]
[02/05/2021 22:30:18][Admin][UPDATE alquileres SET idAlquiler='5', idClientesFK2='2', idClientesFK3='2' WHERE idAlquiler=5]
[02/05/2021 22:30:23][Admin][Ha salido de Modificación Alquiler.]
[02/05/2021 22:30:24][Admin][Ha salido de Modificación Alquiler.]
[02/05/2021 22:30:25][Admin][Ha salido de Modificación Alquiler.]
[02/05/2021 22:30:26][Admin][Ha cerrado sesión]
[02/05/2021 22:30:48][null][Ha iniciado sesión.]
[02/05/2021 22:30:51][Admin][Ha clicado en Modificacion Alquiler.]
[02/05/2021 22:30:53][Admin][Ha pulsado modificar cliente.]
[02/05/2021 22:30:56][Admin][Ha aceptado la modificación de la Pelicula]
[02/05/2021 22:30:56][Admin][UPDATE alquileres SET idAlquiler='5', idClientesFK2='2', idPeliculasFK3='2' WHERE idAlquiler=5]
[02/05/2021 22:32:49][Admin][Ha salido de Modificación Alquiler.]
[02/05/2021 22:32:49][Admin][Ha salido de Modificación Alquiler.]
[02/05/2021 22:32:52][Admin][Ha salido de Modificación Alquiler.]
[02/05/2021 22:32:54][Admin][Ha salido de Modificación Alquiler.]
[02/05/2021 22:32:57][Admin][Ha cerrado sesión]
[02/05/2021 22:33:27][null][Ha iniciado sesión.]
[02/05/2021 22:33:30][Admin][Ha clicado en Modificacion Alquiler.]
[02/05/2021 22:33:33][Admin][Ha pulsado modificar cliente.]
[02/05/2021 22:33:40][Admin][Ha aceptado la modificación de la Pelicula]
[02/05/2021 22:33:40][Admin][UPDATE alquileres SET idAlquiler='5', idClientesFK2='7', idPeliculasFK3='7' WHERE idAlquiler=5]
[02/05/2021 22:36:16][null][Ha iniciado sesión.]
[02/05/2021 22:36:21][Admin][Ha clicado en Modificacion Alquiler.]
[02/05/2021 22:36:23][Admin][Ha pulsado modificar cliente.]
[02/05/2021 22:36:31][Admin][Ha aceptado la modificación de la Pelicula]
[02/05/2021 22:36:31][Admin][UPDATE alquileres SET idAlquiler='6', idClientesFK2='6', idPeliculasFK3='6' WHERE idAlquiler=6]
[02/05/2021 22:36:34][Admin][Ha salido de Modificación Alquiler.]
[02/05/2021 22:36:35][Admin][Ha salido de Modificación Alquiler.]
[02/05/2021 22:36:42][Admin][Ha salido de Modificación Alquiler.]
[02/05/2021 22:36:52][Admin][Ha cerrado sesión]
[02/05/2021 22:37:04][null][Ha iniciado sesión.]
[02/05/2021 22:37:07][Admin][Ha clicado en Modificación Cliente.]
[02/05/2021 22:40:13][null][Ha iniciado sesión.]
[02/05/2021 22:40:49][Admin][Ha clicado en Modificacion Alquiler.]
[02/05/2021 22:40:50][Admin][Ha pulsado modificar cliente.]
[02/05/2021 22:40:53][Admin][Ha aceptado la modificación de la Pelicula]
[02/05/2021 22:40:53][Admin][UPDATE alquileres SET idAlquiler='4', idClientesFK2='3', idPeliculasFK3='8' WHERE idAlquiler=4]
[02/05/2021 22:40:56][Admin][Ha salido de Modificación Alquiler.]
[02/05/2021 22:41:00][Admin][Ha salido de Modificación Alquiler.]
[02/05/2021 22:41:01][Admin][Ha salido de Modificación Alquiler.]
[02/05/2021 22:41:03][Admin][Ha cerrado sesión]
